<?xml version="1.0" encoding="UTF-8"?>
<coverage generated="1679380248558" clover="3.2.0">
  <project timestamp="1679380248558" name="All files">
    <metrics statements="82" coveredstatements="69" conditionals="19" coveredconditionals="8" methods="18" coveredmethods="12" elements="119" coveredelements="89" complexity="0" loc="82" ncloc="82" packages="6" files="6" classes="6"/>
    <package name="components.atoms.Chip">
      <metrics statements="9" coveredstatements="4" conditionals="0" coveredconditionals="0" methods="1" coveredmethods="0"/>
      <file name="index.tsx" path="/Users/boyapatiyagnamanasa/Desktop/bootcamp2/bootcamp-nov-B5-chekr/src/components/atoms/Chip/index.tsx">
        <metrics statements="9" coveredstatements="4" conditionals="0" coveredconditionals="0" methods="1" coveredmethods="0"/>
        <line num="3" count="1" type="stmt"/>
        <line num="4" count="1" type="stmt"/>
        <line num="13" count="1" type="stmt"/>
        <line num="14" count="0" type="stmt"/>
        <line num="15" count="0" type="stmt"/>
        <line num="16" count="0" type="stmt"/>
        <line num="17" count="0" type="stmt"/>
        <line num="19" count="0" type="stmt"/>
        <line num="35" count="1" type="stmt"/>
      </file>
    </package>
    <package name="components.atoms.Select">
      <metrics statements="12" coveredstatements="10" conditionals="0" coveredconditionals="0" methods="3" coveredmethods="2"/>
      <file name="index.tsx" path="/Users/boyapatiyagnamanasa/Desktop/bootcamp2/bootcamp-nov-B5-chekr/src/components/atoms/Select/index.tsx">
        <metrics statements="12" coveredstatements="10" conditionals="0" coveredconditionals="0" methods="3" coveredmethods="2"/>
        <line num="1" count="1" type="stmt"/>
        <line num="2" count="1" type="stmt"/>
        <line num="3" count="1" type="stmt"/>
        <line num="4" count="1" type="stmt"/>
        <line num="17" count="1" type="stmt"/>
        <line num="18" count="5" type="stmt"/>
        <line num="19" count="25" type="stmt"/>
        <line num="20" count="5" type="stmt"/>
        <line num="24" count="0" type="stmt"/>
        <line num="25" count="0" type="stmt"/>
        <line num="31" count="15" type="stmt"/>
        <line num="40" count="1" type="stmt"/>
      </file>
    </package>
    <package name="components.molecules.IconText">
      <metrics statements="6" coveredstatements="6" conditionals="0" coveredconditionals="0" methods="2" coveredmethods="2"/>
      <file name="index.tsx" path="/Users/boyapatiyagnamanasa/Desktop/bootcamp2/bootcamp-nov-B5-chekr/src/components/molecules/IconText/index.tsx">
        <metrics statements="6" coveredstatements="6" conditionals="0" coveredconditionals="0" methods="2" coveredmethods="2"/>
        <line num="1" count="1" type="stmt"/>
        <line num="3" count="1" type="stmt"/>
        <line num="13" count="5" type="stmt"/>
        <line num="14" count="5" type="stmt"/>
        <line num="27" count="2" type="stmt"/>
        <line num="35" count="1" type="stmt"/>
      </file>
    </package>
    <package name="components.organisms.CandidateList">
      <metrics statements="32" coveredstatements="28" conditionals="18" coveredconditionals="7" methods="6" coveredmethods="3"/>
      <file name="index.tsx" path="/Users/boyapatiyagnamanasa/Desktop/bootcamp2/bootcamp-nov-B5-chekr/src/components/organisms/CandidateList/index.tsx">
        <metrics statements="32" coveredstatements="28" conditionals="18" coveredconditionals="7" methods="6" coveredmethods="3"/>
        <line num="3" count="1" type="stmt"/>
        <line num="5" count="1" type="stmt"/>
        <line num="6" count="1" type="stmt"/>
        <line num="8" count="1" type="stmt"/>
        <line num="9" count="1" type="stmt"/>
        <line num="10" count="1" type="stmt"/>
        <line num="12" count="1" type="stmt"/>
        <line num="13" count="1" type="stmt"/>
        <line num="22" count="1" type="stmt"/>
        <line num="44" count="1" type="stmt"/>
        <line num="45" count="31" type="cond" truecount="4" falsecount="4"/>
        <line num="46" count="5" type="stmt"/>
        <line num="47" count="5" type="stmt"/>
        <line num="48" count="5" type="stmt"/>
        <line num="49" count="5" type="stmt"/>
        <line num="50" count="5" type="stmt"/>
        <line num="51" count="5" type="stmt"/>
        <line num="52" count="5" type="stmt"/>
        <line num="53" count="5" type="stmt"/>
        <line num="54" count="0" type="stmt"/>
        <line num="55" count="0" type="stmt"/>
        <line num="57" count="5" type="stmt"/>
        <line num="61" count="0" type="stmt"/>
        <line num="63" count="5" type="cond" truecount="1" falsecount="1"/>
        <line num="65" count="5" type="stmt"/>
        <line num="86" count="25" type="stmt"/>
        <line num="99" count="0" type="stmt"/>
        <line num="174" count="10" type="stmt"/>
        <line num="175" count="10" type="cond" truecount="1" falsecount="0"/>
        <line num="176" count="10" type="cond" truecount="1" falsecount="0"/>
        <line num="177" count="10" type="stmt"/>
        <line num="190" count="1" type="stmt"/>
      </file>
    </package>
    <package name="components.organisms.Search">
      <metrics statements="20" coveredstatements="18" conditionals="1" coveredconditionals="1" methods="6" coveredmethods="5"/>
      <file name="index.tsx" path="/Users/boyapatiyagnamanasa/Desktop/bootcamp2/bootcamp-nov-B5-chekr/src/components/organisms/Search/index.tsx">
        <metrics statements="20" coveredstatements="18" conditionals="1" coveredconditionals="1" methods="6" coveredmethods="5"/>
        <line num="1" count="1" type="stmt"/>
        <line num="2" count="1" type="stmt"/>
        <line num="3" count="1" type="stmt"/>
        <line num="4" count="1" type="stmt"/>
        <line num="5" count="1" type="stmt"/>
        <line num="11" count="6" type="stmt"/>
        <line num="12" count="6" type="stmt"/>
        <line num="13" count="6" type="stmt"/>
        <line num="14" count="5" type="stmt"/>
        <line num="15" count="8" type="stmt"/>
        <line num="16" count="3" type="cond" truecount="1" falsecount="0"/>
        <line num="17" count="0" type="stmt"/>
        <line num="19" count="5" type="stmt"/>
        <line num="20" count="3" type="stmt"/>
        <line num="22" count="5" type="stmt"/>
        <line num="23" count="2" type="stmt"/>
        <line num="25" count="0" type="stmt"/>
        <line num="29" count="5" type="stmt"/>
        <line num="34" count="2" type="stmt"/>
        <line num="42" count="1" type="stmt"/>
      </file>
    </package>
    <package name="theme">
      <metrics statements="3" coveredstatements="3" conditionals="0" coveredconditionals="0" methods="0" coveredmethods="0"/>
      <file name="index.tsx" path="/Users/boyapatiyagnamanasa/Desktop/bootcamp2/bootcamp-nov-B5-chekr/src/theme/index.tsx">
        <metrics statements="3" coveredstatements="3" conditionals="0" coveredconditionals="0" methods="0" coveredmethods="0"/>
        <line num="2" count="1" type="stmt"/>
        <line num="75" count="1" type="stmt"/>
        <line num="158" count="1" type="stmt"/>
      </file>
    </package>
  </project>
</coverage>
