{"D:\\BootCamp\\bootcamp-nov-B5-chekr\\public\\assests\\images\\Vector.svg": {"path":"D:\\BootCamp\\bootcamp-nov-B5-chekr\\public\\assests\\images\\Vector.svg","statementMap":{"0":{"start":{"line":1,"column":0},"end":{"line":1,"column":19}}},"fnMap":{},"branchMap":{},"s":{"0":1},"f":{},"b":{},"_coverageSchema":"1a1c01bbd47fc00a2c39e90264f33305004495a9","hash":"9be42eb5f479c323f3a8ee6f028c74d86ec33f0a"}
,"D:\\BootCamp\\bootcamp-nov-B5-chekr\\public\\assests\\images\\Wrong.svg": {"path":"D:\\BootCamp\\bootcamp-nov-B5-chekr\\public\\assests\\images\\Wrong.svg","statementMap":{"0":{"start":{"line":1,"column":0},"end":{"line":1,"column":19}}},"fnMap":{},"branchMap":{},"s":{"0":1},"f":{},"b":{},"_coverageSchema":"1a1c01bbd47fc00a2c39e90264f33305004495a9","hash":"d654a757ddeef774be35d83afa904d872995c7af"}
,"D:\\BootCamp\\bootcamp-nov-B5-chekr\\src\\components\\atoms\\Button\\index.tsx": {"path":"D:\\BootCamp\\bootcamp-nov-B5-chekr\\src\\components\\atoms\\Button\\index.tsx","statementMap":{"0":{"start":{"line":1,"column":0},"end":{"line":1,"column":52}},"1":{"start":{"line":3,"column":18},"end":{"line":5,"column":1}},"2":{"start":{"line":4,"column":1},"end":{"line":4,"column":37}},"3":{"start":{"line":6,"column":0},"end":{"line":6,"column":25}}},"fnMap":{"0":{"name":"(anonymous_2)","decl":{"start":{"line":3,"column":18},"end":{"line":3,"column":19}},"loc":{"start":{"line":3,"column":37},"end":{"line":5,"column":1}}}},"branchMap":{},"s":{"0":1,"1":1,"2":35,"3":1},"f":{"0":35},"b":{}}
,"D:\\BootCamp\\bootcamp-nov-B5-chekr\\src\\components\\atoms\\Image\\index.tsx": {"path":"D:\\BootCamp\\bootcamp-nov-B5-chekr\\src\\components\\atoms\\Image\\index.tsx","statementMap":{"0":{"start":{"line":9,"column":15},"end":{"line":18,"column":3}},"1":{"start":{"line":9,"column":23},"end":{"line":9,"column":24}},"2":{"start":{"line":9,"column":27},"end":{"line":9,"column":28}},"3":{"start":{"line":9,"column":33},"end":{"line":9,"column":34}},"4":{"start":{"line":9,"column":40},"end":{"line":9,"column":44}},"5":{"start":{"line":9,"column":49},"end":{"line":9,"column":61}},"6":{"start":{"line":10,"column":4},"end":{"line":17,"column":6}},"7":{"start":{"line":20,"column":2},"end":{"line":20,"column":23}}},"fnMap":{"0":{"name":"(anonymous_3)","decl":{"start":{"line":9,"column":15},"end":{"line":9,"column":16}},"loc":{"start":{"line":9,"column":61},"end":{"line":18,"column":3}}}},"branchMap":{},"s":{"0":1,"1":15,"2":15,"3":15,"4":15,"5":15,"6":15,"7":1},"f":{"0":15},"b":{}}
,"D:\\BootCamp\\bootcamp-nov-B5-chekr\\src\\components\\atoms\\MuiTypography\\index.tsx": {"path":"D:\\BootCamp\\bootcamp-nov-B5-chekr\\src\\components\\atoms\\MuiTypography\\index.tsx","statementMap":{"0":{"start":{"line":1,"column":0},"end":{"line":1,"column":71}},"1":{"start":{"line":4,"column":22},"end":{"line":6,"column":1}},"2":{"start":{"line":5,"column":2},"end":{"line":5,"column":46}},"3":{"start":{"line":7,"column":0},"end":{"line":7,"column":29}}},"fnMap":{"0":{"name":"(anonymous_3)","decl":{"start":{"line":4,"column":22},"end":{"line":4,"column":23}},"loc":{"start":{"line":4,"column":45},"end":{"line":6,"column":1}}}},"branchMap":{},"s":{"0":1,"1":1,"2":260,"3":1},"f":{"0":260},"b":{}}
,"D:\\BootCamp\\bootcamp-nov-B5-chekr\\src\\components\\atoms\\Select\\index.tsx": {"path":"D:\\BootCamp\\bootcamp-nov-B5-chekr\\src\\components\\atoms\\Select\\index.tsx","statementMap":{"0":{"start":{"line":1,"column":0},"end":{"line":1,"column":26}},"1":{"start":{"line":2,"column":0},"end":{"line":2,"column":43}},"2":{"start":{"line":3,"column":0},"end":{"line":3,"column":46}},"3":{"start":{"line":4,"column":0},"end":{"line":4,"column":65}},"4":{"start":{"line":17,"column":18},"end":{"line":39,"column":1}},"5":{"start":{"line":18,"column":26},"end":{"line":18,"column":46}},"6":{"start":{"line":18,"column":13},"end":{"line":18,"column":15}},"7":{"start":{"line":18,"column":22},"end":{"line":18,"column":26}},"8":{"start":{"line":19,"column":57},"end":{"line":19,"column":63}},"9":{"start":{"line":20,"column":2},"end":{"line":38,"column":4}},"10":{"start":{"line":24,"column":8},"end":{"line":24,"column":36}},"11":{"start":{"line":25,"column":8},"end":{"line":25,"column":28}},"12":{"start":{"line":31,"column":8},"end":{"line":35,"column":10}},"13":{"start":{"line":40,"column":0},"end":{"line":40,"column":25}}},"fnMap":{"0":{"name":"(anonymous_3)","decl":{"start":{"line":17,"column":18},"end":{"line":17,"column":19}},"loc":{"start":{"line":17,"column":37},"end":{"line":39,"column":1}}},"1":{"name":"(anonymous_4)","decl":{"start":{"line":23,"column":16},"end":{"line":23,"column":17}},"loc":{"start":{"line":23,"column":22},"end":{"line":26,"column":7}}},"2":{"name":"(anonymous_5)","decl":{"start":{"line":30,"column":19},"end":{"line":30,"column":20}},"loc":{"start":{"line":30,"column":33},"end":{"line":36,"column":7}}}},"branchMap":{},"s":{"0":1,"1":1,"2":1,"3":1,"4":1,"5":5,"6":5,"7":5,"8":25,"9":5,"10":1,"11":1,"12":15,"13":1},"f":{"0":5,"1":1,"2":15},"b":{}}
,"D:\\BootCamp\\bootcamp-nov-B5-chekr\\src\\components\\molecules\\GifWithTypography\\index.tsx": {"path":"D:\\BootCamp\\bootcamp-nov-B5-chekr\\src\\components\\molecules\\GifWithTypography\\index.tsx","statementMap":{"0":{"start":{"line":1,"column":0},"end":{"line":1,"column":62}},"1":{"start":{"line":10,"column":17},"end":{"line":19,"column":5}},"2":{"start":{"line":10,"column":28},"end":{"line":10,"column":41}},"3":{"start":{"line":11,"column":4},"end":{"line":18,"column":6}},"4":{"start":{"line":20,"column":0},"end":{"line":20,"column":23}}},"fnMap":{"0":{"name":"(anonymous_3)","decl":{"start":{"line":10,"column":17},"end":{"line":10,"column":18}},"loc":{"start":{"line":10,"column":41},"end":{"line":19,"column":5}}}},"branchMap":{},"s":{"0":1,"1":1,"2":5,"3":5,"4":1},"f":{"0":5},"b":{}}
,"D:\\BootCamp\\bootcamp-nov-B5-chekr\\src\\components\\organisms\\PreAdverse\\index.tsx": {"path":"D:\\BootCamp\\bootcamp-nov-B5-chekr\\src\\components\\organisms\\PreAdverse\\index.tsx","statementMap":{"0":{"start":{"line":1,"column":0},"end":{"line":1,"column":48}},"1":{"start":{"line":2,"column":0},"end":{"line":2,"column":36}},"2":{"start":{"line":3,"column":0},"end":{"line":3,"column":39}},"3":{"start":{"line":4,"column":0},"end":{"line":4,"column":42}},"4":{"start":{"line":5,"column":0},"end":{"line":5,"column":58}},"5":{"start":{"line":6,"column":0},"end":{"line":6,"column":54}},"6":{"start":{"line":7,"column":0},"end":{"line":7,"column":44}},"7":{"start":{"line":8,"column":0},"end":{"line":8,"column":60}},"8":{"start":{"line":9,"column":0},"end":{"line":9,"column":59}},"9":{"start":{"line":10,"column":0},"end":{"line":10,"column":39}},"10":{"start":{"line":11,"column":0},"end":{"line":11,"column":46}},"11":{"start":{"line":12,"column":0},"end":{"line":12,"column":null}},"12":{"start":{"line":20,"column":0},"end":{"line":20,"column":38}},"13":{"start":{"line":21,"column":0},"end":{"line":21,"column":56}},"14":{"start":{"line":27,"column":14},"end":{"line":268,"column":1}},"15":{"start":{"line":28,"column":41},"end":{"line":28,"column":47}},"16":{"start":{"line":29,"column":26},"end":{"line":29,"column":48}},"17":{"start":{"line":29,"column":14},"end":{"line":29,"column":15}},"18":{"start":{"line":29,"column":23},"end":{"line":29,"column":26}},"19":{"start":{"line":30,"column":34},"end":{"line":30,"column":49}},"20":{"start":{"line":30,"column":17},"end":{"line":30,"column":19}},"21":{"start":{"line":30,"column":30},"end":{"line":30,"column":34}},"22":{"start":{"line":31,"column":34},"end":{"line":31,"column":49}},"23":{"start":{"line":31,"column":17},"end":{"line":31,"column":19}},"24":{"start":{"line":31,"column":30},"end":{"line":31,"column":34}},"25":{"start":{"line":32,"column":34},"end":{"line":32,"column":49}},"26":{"start":{"line":32,"column":17},"end":{"line":32,"column":19}},"27":{"start":{"line":32,"column":30},"end":{"line":32,"column":34}},"28":{"start":{"line":33,"column":31},"end":{"line":33,"column":45}},"29":{"start":{"line":33,"column":17},"end":{"line":33,"column":18}},"30":{"start":{"line":33,"column":29},"end":{"line":33,"column":31}},"31":{"start":{"line":34,"column":31},"end":{"line":34,"column":45}},"32":{"start":{"line":34,"column":17},"end":{"line":34,"column":18}},"33":{"start":{"line":34,"column":29},"end":{"line":34,"column":31}},"34":{"start":{"line":35,"column":31},"end":{"line":35,"column":45}},"35":{"start":{"line":35,"column":17},"end":{"line":35,"column":18}},"36":{"start":{"line":35,"column":29},"end":{"line":35,"column":31}},"37":{"start":{"line":36,"column":31},"end":{"line":36,"column":45}},"38":{"start":{"line":36,"column":17},"end":{"line":36,"column":18}},"39":{"start":{"line":36,"column":29},"end":{"line":36,"column":31}},"40":{"start":{"line":37,"column":26},"end":{"line":37,"column":41}},"41":{"start":{"line":37,"column":13},"end":{"line":37,"column":15}},"42":{"start":{"line":37,"column":22},"end":{"line":37,"column":26}},"43":{"start":{"line":38,"column":24},"end":{"line":38,"column":39}},"44":{"start":{"line":38,"column":12},"end":{"line":38,"column":14}},"45":{"start":{"line":38,"column":20},"end":{"line":38,"column":24}},"46":{"start":{"line":39,"column":23},"end":{"line":51,"column":3}},"47":{"start":{"line":41,"column":4},"end":{"line":46,"column":null}},"48":{"start":{"line":42,"column":4},"end":{"line":42,"column":null}},"49":{"start":{"line":42,"column":34},"end":{"line":42,"column":75}},"50":{"start":{"line":45,"column":8},"end":{"line":45,"column":null}},"51":{"start":{"line":47,"column":4},"end":{"line":47,"column":null}},"52":{"start":{"line":48,"column":4},"end":{"line":48,"column":null}},"53":{"start":{"line":49,"column":4},"end":{"line":49,"column":null}},"54":{"start":{"line":52,"column":23},"end":{"line":64,"column":3}},"55":{"start":{"line":54,"column":4},"end":{"line":59,"column":null}},"56":{"start":{"line":55,"column":4},"end":{"line":55,"column":null}},"57":{"start":{"line":55,"column":34},"end":{"line":55,"column":69}},"58":{"start":{"line":58,"column":8},"end":{"line":58,"column":null}},"59":{"start":{"line":60,"column":4},"end":{"line":60,"column":null}},"60":{"start":{"line":61,"column":4},"end":{"line":61,"column":null}},"61":{"start":{"line":62,"column":4},"end":{"line":62,"column":null}},"62":{"start":{"line":65,"column":23},"end":{"line":77,"column":3}},"63":{"start":{"line":67,"column":4},"end":{"line":72,"column":null}},"64":{"start":{"line":68,"column":4},"end":{"line":68,"column":null}},"65":{"start":{"line":68,"column":34},"end":{"line":68,"column":108}},"66":{"start":{"line":71,"column":8},"end":{"line":71,"column":null}},"67":{"start":{"line":73,"column":4},"end":{"line":73,"column":null}},"68":{"start":{"line":74,"column":4},"end":{"line":74,"column":null}},"69":{"start":{"line":75,"column":4},"end":{"line":75,"column":null}},"70":{"start":{"line":78,"column":20},"end":{"line":81,"column":3}},"71":{"start":{"line":79,"column":4},"end":{"line":79,"column":null}},"72":{"start":{"line":80,"column":4},"end":{"line":80,"column":null}},"73":{"start":{"line":82,"column":24},"end":{"line":89,"column":4}},"74":{"start":{"line":90,"column":22},"end":{"line":90,"column":66}},"75":{"start":{"line":91,"column":2},"end":{"line":267,"column":null}},"76":{"start":{"line":160,"column":34},"end":{"line":160,"column":49}},"77":{"start":{"line":173,"column":82},"end":{"line":173,"column":99}},"78":{"start":{"line":206,"column":27},"end":{"line":209,"column":10}},"79":{"start":{"line":270,"column":0},"end":{"line":270,"column":null}}},"fnMap":{"0":{"name":"(anonymous_4)","decl":{"start":{"line":27,"column":14},"end":{"line":27,"column":15}},"loc":{"start":{"line":27,"column":29},"end":{"line":268,"column":1}}},"1":{"name":"(anonymous_5)","decl":{"start":{"line":39,"column":23},"end":{"line":39,"column":24}},"loc":{"start":{"line":39,"column":66},"end":{"line":51,"column":3}}},"2":{"name":"(anonymous_6)","decl":{"start":{"line":42,"column":26},"end":{"line":42,"column":27}},"loc":{"start":{"line":42,"column":31},"end":{"line":42,"column":38}}},"3":{"name":"(anonymous_7)","decl":{"start":{"line":52,"column":23},"end":{"line":52,"column":24}},"loc":{"start":{"line":52,"column":66},"end":{"line":64,"column":3}}},"4":{"name":"(anonymous_8)","decl":{"start":{"line":55,"column":26},"end":{"line":55,"column":27}},"loc":{"start":{"line":55,"column":31},"end":{"line":55,"column":38}}},"5":{"name":"(anonymous_9)","decl":{"start":{"line":65,"column":23},"end":{"line":65,"column":24}},"loc":{"start":{"line":65,"column":66},"end":{"line":77,"column":3}}},"6":{"name":"(anonymous_10)","decl":{"start":{"line":68,"column":26},"end":{"line":68,"column":27}},"loc":{"start":{"line":68,"column":31},"end":{"line":68,"column":38}}},"7":{"name":"(anonymous_11)","decl":{"start":{"line":78,"column":20},"end":{"line":78,"column":null}},"loc":{"start":{"line":78,"column":20},"end":{"line":81,"column":3}}},"8":{"name":"(anonymous_12)","decl":{"start":{"line":160,"column":28},"end":{"line":160,"column":34}},"loc":{"start":{"line":160,"column":28},"end":{"line":160,"column":41}}},"9":{"name":"(anonymous_13)","decl":{"start":{"line":173,"column":76},"end":{"line":173,"column":82}},"loc":{"start":{"line":173,"column":76},"end":{"line":173,"column":89}}},"10":{"name":"(anonymous_14)","decl":{"start":{"line":206,"column":19},"end":{"line":206,"column":20}},"loc":{"start":{"line":206,"column":24},"end":{"line":206,"column":null}}}},"branchMap":{"0":{"loc":{"start":{"line":41,"column":4},"end":{"line":46,"column":null}},"type":"if","locations":[{"start":{"line":41,"column":4},"end":{"line":46,"column":null}},{"start":{"line":44,"column":8},"end":{"line":46,"column":null}}]},"1":{"loc":{"start":{"line":54,"column":4},"end":{"line":59,"column":null}},"type":"if","locations":[{"start":{"line":54,"column":4},"end":{"line":59,"column":null}},{"start":{"line":57,"column":8},"end":{"line":59,"column":null}}]},"2":{"loc":{"start":{"line":67,"column":4},"end":{"line":72,"column":null}},"type":"if","locations":[{"start":{"line":67,"column":4},"end":{"line":72,"column":null}},{"start":{"line":70,"column":8},"end":{"line":72,"column":null}}]},"3":{"loc":{"start":{"line":83,"column":21},"end":{"line":83,"column":72}},"type":"cond-expr","locations":[{"start":{"line":83,"column":51},"end":{"line":83,"column":60}},{"start":{"line":83,"column":63},"end":{"line":83,"column":72}}]},"4":{"loc":{"start":{"line":83,"column":21},"end":{"line":83,"column":49}},"type":"binary-expr","locations":[{"start":{"line":83,"column":21},"end":{"line":83,"column":29}},{"start":{"line":83,"column":31},"end":{"line":83,"column":39}},{"start":{"line":83,"column":41},"end":{"line":83,"column":49}}]},"5":{"loc":{"start":{"line":85,"column":22},"end":{"line":85,"column":74}},"type":"cond-expr","locations":[{"start":{"line":85,"column":53},"end":{"line":85,"column":62}},{"start":{"line":85,"column":65},"end":{"line":85,"column":74}}]},"6":{"loc":{"start":{"line":85,"column":22},"end":{"line":85,"column":50}},"type":"binary-expr","locations":[{"start":{"line":85,"column":22},"end":{"line":85,"column":30}},{"start":{"line":85,"column":32},"end":{"line":85,"column":40}},{"start":{"line":85,"column":42},"end":{"line":85,"column":50}}]},"7":{"loc":{"start":{"line":90,"column":22},"end":{"line":90,"column":66}},"type":"binary-expr","locations":[{"start":{"line":90,"column":22},"end":{"line":90,"column":30}},{"start":{"line":90,"column":34},"end":{"line":90,"column":42}},{"start":{"line":90,"column":46},"end":{"line":90,"column":54}},{"start":{"line":90,"column":58},"end":{"line":90,"column":66}}]}},"s":{"0":1,"1":1,"2":1,"3":1,"4":1,"5":1,"6":1,"7":1,"8":1,"9":1,"10":1,"11":1,"12":1,"13":1,"14":1,"15":31,"16":10,"17":10,"18":10,"19":10,"20":10,"21":10,"22":10,"23":10,"24":10,"25":10,"26":10,"27":10,"28":10,"29":10,"30":10,"31":10,"32":10,"33":10,"34":10,"35":10,"36":10,"37":10,"38":10,"39":10,"40":10,"41":10,"42":10,"43":10,"44":10,"45":10,"46":10,"47":2,"48":1,"49":3,"50":1,"51":2,"52":2,"53":2,"54":10,"55":2,"56":1,"57":2,"58":1,"59":2,"60":2,"61":2,"62":10,"63":2,"64":1,"65":1,"66":1,"67":2,"68":2,"69":2,"70":10,"71":1,"72":1,"73":10,"74":10,"75":10,"76":1,"77":1,"78":15,"79":1},"f":{"0":11,"1":2,"2":3,"3":2,"4":2,"5":2,"6":1,"7":1,"8":1,"9":1,"10":15},"b":{"0":[1,1],"1":[1,1],"2":[1,1],"3":[7,3],"4":[10,5,4],"5":[7,3],"6":[10,5,4],"7":[10,5,4,3]}}
,"D:\\BootCamp\\bootcamp-nov-B5-chekr\\src\\theme\\index.tsx": {"path":"D:\\BootCamp\\bootcamp-nov-B5-chekr\\src\\theme\\index.tsx","statementMap":{"0":{"start":{"line":2,"column":0},"end":{"line":2,"column":43}},"1":{"start":{"line":75,"column":13},"end":{"line":157,"column":3}},"2":{"start":{"line":158,"column":0},"end":{"line":158,"column":21}}},"fnMap":{},"branchMap":{},"s":{"0":1,"1":1,"2":1},"f":{},"b":{}}
}
