{"/Users/boyapatiyagnamanasa/Desktop/bootcamp2/bootcamp-nov-B5-chekr/src/components/atoms/Chip/index.tsx": {"path":"/Users/boyapatiyagnamanasa/Desktop/bootcamp2/bootcamp-nov-B5-chekr/src/components/atoms/Chip/index.tsx","statementMap":{"0":{"start":{"line":3,"column":0},"end":{"line":3,"column":38}},"1":{"start":{"line":4,"column":0},"end":{"line":4,"column":35}},"2":{"start":{"line":13,"column":37},"end":{"line":34,"column":1}},"3":{"start":{"line":14,"column":7},"end":{"line":14,"column":null}},"4":{"start":{"line":15,"column":9},"end":{"line":15,"column":null}},"5":{"start":{"line":16,"column":12},"end":{"line":16,"column":null}},"6":{"start":{"line":17,"column":7},"end":{"line":17,"column":null}},"7":{"start":{"line":19,"column":2},"end":{"line":33,"column":4}},"8":{"start":{"line":35,"column":0},"end":{"line":35,"column":23}}},"fnMap":{"0":{"name":"(anonymous_1)","decl":{"start":{"line":13,"column":37},"end":{"line":13,"column":38}},"loc":{"start":{"line":18,"column":12},"end":{"line":34,"column":1}}}},"branchMap":{},"s":{"0":1,"1":1,"2":1,"3":0,"4":0,"5":0,"6":0,"7":0,"8":1},"f":{"0":0},"b":{}}
,"/Users/boyapatiyagnamanasa/Desktop/bootcamp2/bootcamp-nov-B5-chekr/src/components/atoms/Select/index.tsx": {"path":"/Users/boyapatiyagnamanasa/Desktop/bootcamp2/bootcamp-nov-B5-chekr/src/components/atoms/Select/index.tsx","statementMap":{"0":{"start":{"line":1,"column":0},"end":{"line":1,"column":26}},"1":{"start":{"line":2,"column":0},"end":{"line":2,"column":43}},"2":{"start":{"line":3,"column":0},"end":{"line":3,"column":46}},"3":{"start":{"line":4,"column":0},"end":{"line":4,"column":65}},"4":{"start":{"line":17,"column":18},"end":{"line":39,"column":1}},"5":{"start":{"line":18,"column":26},"end":{"line":18,"column":46}},"6":{"start":{"line":18,"column":13},"end":{"line":18,"column":15}},"7":{"start":{"line":18,"column":22},"end":{"line":18,"column":26}},"8":{"start":{"line":19,"column":57},"end":{"line":19,"column":63}},"9":{"start":{"line":20,"column":2},"end":{"line":38,"column":4}},"10":{"start":{"line":24,"column":8},"end":{"line":24,"column":36}},"11":{"start":{"line":25,"column":8},"end":{"line":25,"column":28}},"12":{"start":{"line":31,"column":8},"end":{"line":35,"column":10}},"13":{"start":{"line":40,"column":0},"end":{"line":40,"column":25}}},"fnMap":{"0":{"name":"(anonymous_3)","decl":{"start":{"line":17,"column":18},"end":{"line":17,"column":19}},"loc":{"start":{"line":17,"column":37},"end":{"line":39,"column":1}}},"1":{"name":"(anonymous_4)","decl":{"start":{"line":23,"column":16},"end":{"line":23,"column":17}},"loc":{"start":{"line":23,"column":22},"end":{"line":26,"column":7}}},"2":{"name":"(anonymous_5)","decl":{"start":{"line":30,"column":19},"end":{"line":30,"column":20}},"loc":{"start":{"line":30,"column":33},"end":{"line":36,"column":7}}}},"branchMap":{},"s":{"0":1,"1":1,"2":1,"3":1,"4":1,"5":5,"6":5,"7":5,"8":25,"9":5,"10":0,"11":0,"12":15,"13":1},"f":{"0":5,"1":0,"2":15},"b":{}}
,"/Users/boyapatiyagnamanasa/Desktop/bootcamp2/bootcamp-nov-B5-chekr/src/components/molecules/IconText/index.tsx": {"path":"/Users/boyapatiyagnamanasa/Desktop/bootcamp2/bootcamp-nov-B5-chekr/src/components/molecules/IconText/index.tsx","statementMap":{"0":{"start":{"line":1,"column":0},"end":{"line":1,"column":57}},"1":{"start":{"line":3,"column":0},"end":{"line":3,"column":68}},"2":{"start":{"line":13,"column":14},"end":{"line":33,"column":1}},"3":{"start":{"line":13,"column":25},"end":{"line":13,"column":39}},"4":{"start":{"line":14,"column":4},"end":{"line":32,"column":14}},"5":{"start":{"line":27,"column":14},"end":{"line":27,"column":null}},"6":{"start":{"line":35,"column":0},"end":{"line":35,"column":21}}},"fnMap":{"0":{"name":"(anonymous_4)","decl":{"start":{"line":13,"column":14},"end":{"line":13,"column":15}},"loc":{"start":{"line":13,"column":39},"end":{"line":33,"column":1}}},"1":{"name":"(anonymous_5)","decl":{"start":{"line":26,"column":22},"end":{"line":26,"column":23}},"loc":{"start":{"line":26,"column":65},"end":{"line":27,"column":19}}}},"branchMap":{},"s":{"0":1,"1":1,"2":1,"3":5,"4":5,"5":2,"6":1},"f":{"0":5,"1":2},"b":{}}
,"/Users/boyapatiyagnamanasa/Desktop/bootcamp2/bootcamp-nov-B5-chekr/src/components/organisms/CandidateList/index.tsx": {"path":"/Users/boyapatiyagnamanasa/Desktop/bootcamp2/bootcamp-nov-B5-chekr/src/components/organisms/CandidateList/index.tsx","statementMap":{"0":{"start":{"line":3,"column":0},"end":{"line":3,"column":31}},"1":{"start":{"line":5,"column":0},"end":{"line":5,"column":39}},"2":{"start":{"line":6,"column":0},"end":{"line":6,"column":50}},"3":{"start":{"line":8,"column":0},"end":{"line":8,"column":39}},"4":{"start":{"line":9,"column":0},"end":{"line":9,"column":57}},"5":{"start":{"line":10,"column":0},"end":{"line":10,"column":55}},"6":{"start":{"line":12,"column":0},"end":{"line":12,"column":44}},"7":{"start":{"line":13,"column":0},"end":{"line":13,"column":null}},"8":{"start":{"line":22,"column":15},"end":{"line":22,"column":69}},"9":{"start":{"line":44,"column":22},"end":{"line":189,"column":1}},"10":{"start":{"line":45,"column":78},"end":{"line":45,"column":84}},"11":{"start":{"line":45,"column":15},"end":{"line":45,"column":24}},"12":{"start":{"line":45,"column":35},"end":{"line":45,"column":41}},"13":{"start":{"line":45,"column":45},"end":{"line":45,"column":51}},"14":{"start":{"line":45,"column":56},"end":{"line":45,"column":62}},"15":{"start":{"line":46,"column":28},"end":{"line":46,"column":30}},"16":{"start":{"line":47,"column":40},"end":{"line":47,"column":57}},"17":{"start":{"line":47,"column":20},"end":{"line":47,"column":22}},"18":{"start":{"line":47,"column":36},"end":{"line":47,"column":40}},"19":{"start":{"line":48,"column":40},"end":{"line":48,"column":58}},"20":{"start":{"line":48,"column":20},"end":{"line":48,"column":22}},"21":{"start":{"line":48,"column":36},"end":{"line":48,"column":40}},"22":{"start":{"line":49,"column":15},"end":{"line":49,"column":25}},"23":{"start":{"line":50,"column":26},"end":{"line":50,"column":51}},"24":{"start":{"line":51,"column":27},"end":{"line":51,"column":56}},"25":{"start":{"line":52,"column":23},"end":{"line":52,"column":75}},"26":{"start":{"line":53,"column":23},"end":{"line":56,"column":3}},"27":{"start":{"line":54,"column":4},"end":{"line":54,"column":49}},"28":{"start":{"line":55,"column":4},"end":{"line":55,"column":22}},"29":{"start":{"line":57,"column":27},"end":{"line":62,"column":3}},"30":{"start":{"line":61,"column":4},"end":{"line":61,"column":26}},"31":{"start":{"line":63,"column":2},"end":{"line":188,"column":6}},"32":{"start":{"line":63,"column":20},"end":{"line":63,"column":32}},"33":{"start":{"line":65,"column":4},"end":{"line":188,"column":6}},"34":{"start":{"line":86,"column":42},"end":{"line":92,"column":14}},"35":{"start":{"line":99,"column":14},"end":{"line":148,"column":16}},"36":{"start":{"line":174,"column":20},"end":{"line":174,"column":38}},"37":{"start":{"line":175,"column":20},"end":{"line":177,"column":71}},"38":{"start":{"line":176,"column":22},"end":{"line":177,"column":71}},"39":{"start":{"line":177,"column":24},"end":{"line":177,"column":71}},"40":{"start":{"line":190,"column":0},"end":{"line":190,"column":29}}},"fnMap":{"0":{"name":"(anonymous_9)","decl":{"start":{"line":44,"column":22},"end":{"line":44,"column":23}},"loc":{"start":{"line":44,"column":36},"end":{"line":189,"column":1}}},"1":{"name":"(anonymous_10)","decl":{"start":{"line":53,"column":23},"end":{"line":53,"column":24}},"loc":{"start":{"line":53,"column":48},"end":{"line":56,"column":3}}},"2":{"name":"(anonymous_11)","decl":{"start":{"line":57,"column":27},"end":{"line":57,"column":null}},"loc":{"start":{"line":59,"column":17},"end":{"line":62,"column":3}}},"3":{"name":"(anonymous_12)","decl":{"start":{"line":86,"column":24},"end":{"line":86,"column":25}},"loc":{"start":{"line":86,"column":37},"end":{"line":86,"column":null}}},"4":{"name":"(anonymous_13)","decl":{"start":{"line":98,"column":30},"end":{"line":98,"column":31}},"loc":{"start":{"line":98,"column":52},"end":{"line":149,"column":13}}},"5":{"name":"(anonymous_14)","decl":{"start":{"line":173,"column":30},"end":{"line":173,"column":31}},"loc":{"start":{"line":173,"column":35},"end":{"line":178,"column":19}}}},"branchMap":{"0":{"loc":{"start":{"line":45,"column":15},"end":{"line":45,"column":24}},"type":"cond-expr","locations":[{"start":{"line":45,"column":18},"end":{"line":45,"column":22}},{"start":{"line":45,"column":22},"end":{"line":45,"column":24}}]},"1":{"loc":{"start":{"line":45,"column":35},"end":{"line":45,"column":41}},"type":"cond-expr","locations":[{"start":{"line":45,"column":38},"end":{"line":45,"column":39}},{"start":{"line":45,"column":39},"end":{"line":45,"column":41}}]},"2":{"loc":{"start":{"line":45,"column":45},"end":{"line":45,"column":51}},"type":"cond-expr","locations":[{"start":{"line":45,"column":48},"end":{"line":45,"column":49}},{"start":{"line":45,"column":49},"end":{"line":45,"column":51}}]},"3":{"loc":{"start":{"line":45,"column":56},"end":{"line":45,"column":62}},"type":"cond-expr","locations":[{"start":{"line":45,"column":59},"end":{"line":45,"column":60}},{"start":{"line":45,"column":60},"end":{"line":45,"column":62}}]},"4":{"loc":{"start":{"line":63,"column":2},"end":{"line":188,"column":6}},"type":"if","locations":[{"start":{"line":63,"column":2},"end":{"line":188,"column":6}},{"start":{"line":65,"column":4},"end":{"line":188,"column":6}}]},"5":{"loc":{"start":{"line":105,"column":21},"end":{"line":116,"column":null}},"type":"cond-expr","locations":[{"start":{"line":106,"column":22},"end":{"line":106,"column":25}},{"start":{"line":107,"column":24},"end":{"line":116,"column":null}}]},"6":{"loc":{"start":{"line":107,"column":24},"end":{"line":116,"column":null}},"type":"cond-expr","locations":[{"start":{"line":108,"column":22},"end":{"line":111,"column":41}},{"start":{"line":113,"column":22},"end":{"line":116,"column":49}}]},"7":{"loc":{"start":{"line":120,"column":21},"end":{"line":130,"column":null}},"type":"cond-expr","locations":[{"start":{"line":121,"column":22},"end":{"line":125,"column":40}},{"start":{"line":127,"column":22},"end":{"line":130,"column":43}}]},"8":{"loc":{"start":{"line":175,"column":20},"end":{"line":177,"column":71}},"type":"if","locations":[{"start":{"line":175,"column":20},"end":{"line":177,"column":71}}]},"9":{"loc":{"start":{"line":176,"column":22},"end":{"line":177,"column":71}},"type":"if","locations":[{"start":{"line":176,"column":22},"end":{"line":177,"column":71}}]}},"s":{"0":1,"1":1,"2":1,"3":1,"4":1,"5":1,"6":1,"7":1,"8":1,"9":1,"10":31,"11":5,"12":5,"13":5,"14":5,"15":5,"16":5,"17":5,"18":5,"19":5,"20":5,"21":5,"22":5,"23":5,"24":5,"25":5,"26":5,"27":0,"28":0,"29":5,"30":0,"31":5,"32":0,"33":5,"34":25,"35":0,"36":10,"37":10,"38":10,"39":10,"40":1},"f":{"0":6,"1":0,"2":0,"3":25,"4":0,"5":10},"b":{"0":[5,0],"1":[5,0],"2":[5,0],"3":[5,0],"4":[0,5],"5":[0,0],"6":[0,0],"7":[0,0],"8":[10],"9":[10]}}
,"/Users/boyapatiyagnamanasa/Desktop/bootcamp2/bootcamp-nov-B5-chekr/src/components/organisms/Search/index.tsx": {"path":"/Users/boyapatiyagnamanasa/Desktop/bootcamp2/bootcamp-nov-B5-chekr/src/components/organisms/Search/index.tsx","statementMap":{"0":{"start":{"line":1,"column":0},"end":{"line":1,"column":51}},"1":{"start":{"line":2,"column":0},"end":{"line":2,"column":54}},"2":{"start":{"line":3,"column":0},"end":{"line":3,"column":48}},"3":{"start":{"line":4,"column":0},"end":{"line":4,"column":45}},"4":{"start":{"line":5,"column":0},"end":{"line":5,"column":26}},"5":{"start":{"line":11,"column":16},"end":{"line":40,"column":1}},"6":{"start":{"line":11,"column":27},"end":{"line":11,"column":42}},"7":{"start":{"line":12,"column":16},"end":{"line":12,"column":18}},"8":{"start":{"line":13,"column":28},"end":{"line":13,"column":46}},"9":{"start":{"line":13,"column":14},"end":{"line":13,"column":16}},"10":{"start":{"line":13,"column":24},"end":{"line":13,"column":28}},"11":{"start":{"line":14,"column":38},"end":{"line":14,"column":58}},"12":{"start":{"line":14,"column":19},"end":{"line":14,"column":21}},"13":{"start":{"line":14,"column":34},"end":{"line":14,"column":38}},"14":{"start":{"line":15,"column":21},"end":{"line":18,"column":4}},"15":{"start":{"line":16,"column":19},"end":{"line":16,"column":null}},"16":{"start":{"line":16,"column":10},"end":{"line":16,"column":null}},"17":{"start":{"line":17,"column":4},"end":{"line":17,"column":26}},"18":{"start":{"line":19,"column":2},"end":{"line":21,"column":9}},"19":{"start":{"line":20,"column":4},"end":{"line":20,"column":17}},"20":{"start":{"line":22,"column":21},"end":{"line":28,"column":4}},"21":{"start":{"line":23,"column":4},"end":{"line":27,"column":7}},"22":{"start":{"line":25,"column":9},"end":{"line":25,"column":null}},"23":{"start":{"line":29,"column":4},"end":{"line":39,"column":14}},"24":{"start":{"line":34,"column":43},"end":{"line":34,"column":77}},"25":{"start":{"line":42,"column":0},"end":{"line":42,"column":22}}},"fnMap":{"0":{"name":"(anonymous_23)","decl":{"start":{"line":11,"column":16},"end":{"line":11,"column":17}},"loc":{"start":{"line":11,"column":42},"end":{"line":40,"column":1}}},"1":{"name":"(anonymous_24)","decl":{"start":{"line":15,"column":21},"end":{"line":15,"column":null}},"loc":{"start":{"line":15,"column":21},"end":{"line":18,"column":4}}},"2":{"name":"(anonymous_27)","decl":{"start":{"line":19,"column":18},"end":{"line":19,"column":null}},"loc":{"start":{"line":19,"column":18},"end":{"line":21,"column":3}}},"3":{"name":"(anonymous_28)","decl":{"start":{"line":22,"column":21},"end":{"line":22,"column":22}},"loc":{"start":{"line":22,"column":36},"end":{"line":28,"column":4}}},"4":{"name":"(anonymous_29)","decl":{"start":{"line":24,"column":20},"end":{"line":24,"column":21}},"loc":{"start":{"line":24,"column":44},"end":{"line":25,"column":13}}},"5":{"name":"(anonymous_30)","decl":{"start":{"line":34,"column":32},"end":{"line":34,"column":33}},"loc":{"start":{"line":34,"column":38},"end":{"line":34,"column":54}}}},"branchMap":{"0":{"loc":{"start":{"line":16,"column":19},"end":{"line":16,"column":null}},"type":"switch","locations":[{"start":{"line":16,"column":19},"end":{"line":16,"column":null}}]}},"s":{"0":1,"1":1,"2":1,"3":1,"4":1,"5":1,"6":6,"7":6,"8":6,"9":5,"10":5,"11":5,"12":5,"13":5,"14":8,"15":3,"16":0,"17":0,"18":5,"19":3,"20":5,"21":2,"22":0,"23":5,"24":2,"25":1},"f":{"0":6,"1":6,"2":3,"3":2,"4":0,"5":2},"b":{"0":[3]}}
,"/Users/boyapatiyagnamanasa/Desktop/bootcamp2/bootcamp-nov-B5-chekr/src/theme/index.tsx": {"path":"/Users/boyapatiyagnamanasa/Desktop/bootcamp2/bootcamp-nov-B5-chekr/src/theme/index.tsx","statementMap":{"0":{"start":{"line":2,"column":0},"end":{"line":2,"column":43}},"1":{"start":{"line":75,"column":13},"end":{"line":157,"column":3}},"2":{"start":{"line":158,"column":0},"end":{"line":158,"column":21}}},"fnMap":{},"branchMap":{},"s":{"0":1,"1":1,"2":1},"f":{},"b":{}}
}
