TN:
SF:public\assests\images\Vector.svg
FNF:0
FNH:0
DA:1,1
LF:1
LH:1
BRF:0
BRH:0
end_of_record
TN:
SF:public\assests\images\Wrong.svg
FNF:0
FNH:0
DA:1,1
LF:1
LH:1
BRF:0
BRH:0
end_of_record
TN:
SF:src\components\atoms\Button\index.tsx
FN:3,(anonymous_2)
FNF:1
FNH:1
FNDA:35,(anonymous_2)
DA:1,1
DA:3,1
DA:4,35
DA:6,1
LF:4
LH:4
BRF:0
BRH:0
end_of_record
TN:
SF:src\components\atoms\Image\index.tsx
FN:9,(anonymous_3)
FNF:1
FNH:1
FNDA:15,(anonymous_3)
DA:9,15
DA:10,15
DA:20,1
LF:3
LH:3
BRF:0
BRH:0
end_of_record
TN:
SF:src\components\atoms\MuiTypography\index.tsx
FN:4,(anonymous_3)
FNF:1
FNH:1
FNDA:260,(anonymous_3)
DA:1,1
DA:4,1
DA:5,260
DA:7,1
LF:4
LH:4
BRF:0
BRH:0
end_of_record
TN:
SF:src\components\atoms\Select\index.tsx
FN:17,(anonymous_3)
FN:23,(anonymous_4)
FN:30,(anonymous_5)
FNF:3
FNH:3
FNDA:5,(anonymous_3)
FNDA:1,(anonymous_4)
FNDA:15,(anonymous_5)
DA:1,1
DA:2,1
DA:3,1
DA:4,1
DA:17,1
DA:18,5
DA:19,25
DA:20,5
DA:24,1
DA:25,1
DA:31,15
DA:40,1
LF:12
LH:12
BRF:0
BRH:0
end_of_record
TN:
SF:src\components\molecules\GifWithTypography\index.tsx
FN:10,(anonymous_3)
FNF:1
FNH:1
FNDA:5,(anonymous_3)
DA:1,1
DA:10,5
DA:11,5
DA:20,1
LF:4
LH:4
BRF:0
BRH:0
end_of_record
TN:
SF:src\components\organisms\PreAdverse\index.tsx
FN:27,(anonymous_4)
FN:39,(anonymous_5)
FN:42,(anonymous_6)
FN:52,(anonymous_7)
FN:55,(anonymous_8)
FN:65,(anonymous_9)
FN:68,(anonymous_10)
FN:78,(anonymous_11)
FN:160,(anonymous_12)
FN:173,(anonymous_13)
FN:206,(anonymous_14)
FNF:11
FNH:11
FNDA:11,(anonymous_4)
FNDA:2,(anonymous_5)
FNDA:3,(anonymous_6)
FNDA:2,(anonymous_7)
FNDA:2,(anonymous_8)
FNDA:2,(anonymous_9)
FNDA:1,(anonymous_10)
FNDA:1,(anonymous_11)
FNDA:1,(anonymous_12)
FNDA:1,(anonymous_13)
FNDA:15,(anonymous_14)
DA:1,1
DA:2,1
DA:3,1
DA:4,1
DA:5,1
DA:6,1
DA:7,1
DA:8,1
DA:9,1
DA:10,1
DA:11,1
DA:12,1
DA:20,1
DA:21,1
DA:27,1
DA:28,31
DA:29,10
DA:30,10
DA:31,10
DA:32,10
DA:33,10
DA:34,10
DA:35,10
DA:36,10
DA:37,10
DA:38,10
DA:39,10
DA:41,2
DA:42,3
DA:45,1
DA:47,2
DA:48,2
DA:49,2
DA:52,10
DA:54,2
DA:55,2
DA:58,1
DA:60,2
DA:61,2
DA:62,2
DA:65,10
DA:67,2
DA:68,1
DA:71,1
DA:73,2
DA:74,2
DA:75,2
DA:78,10
DA:79,1
DA:80,1
DA:82,10
DA:90,10
DA:91,10
DA:160,1
DA:173,1
DA:206,15
DA:270,1
LF:57
LH:57
BRDA:41,0,0,1
BRDA:41,0,1,1
BRDA:54,1,0,1
BRDA:54,1,1,1
BRDA:67,2,0,1
BRDA:67,2,1,1
BRDA:83,3,0,7
BRDA:83,3,1,3
BRDA:83,4,0,10
BRDA:83,4,1,5
BRDA:83,4,2,4
BRDA:85,5,0,7
BRDA:85,5,1,3
BRDA:85,6,0,10
BRDA:85,6,1,5
BRDA:85,6,2,4
BRDA:90,7,0,10
BRDA:90,7,1,5
BRDA:90,7,2,4
BRDA:90,7,3,3
BRF:20
BRH:20
end_of_record
TN:
SF:src\theme\index.tsx
FNF:0
FNH:0
DA:2,1
DA:75,1
DA:158,1
LF:3
LH:3
BRF:0
BRH:0
end_of_record
