TN:
SF:src/components/atoms/Chip/index.tsx
FN:13,(anonymous_1)
FNF:1
FNH:0
FNDA:0,(anonymous_1)
DA:3,1
DA:4,1
DA:13,1
DA:14,0
DA:15,0
DA:16,0
DA:17,0
DA:19,0
DA:35,1
LF:9
LH:4
BRF:0
BRH:0
end_of_record
TN:
SF:src/components/atoms/Select/index.tsx
FN:17,(anonymous_3)
FN:23,(anonymous_4)
FN:30,(anonymous_5)
FNF:3
FNH:2
FNDA:5,(anonymous_3)
FNDA:0,(anonymous_4)
FNDA:15,(anonymous_5)
DA:1,1
DA:2,1
DA:3,1
DA:4,1
DA:17,1
DA:18,5
DA:19,25
DA:20,5
DA:24,0
DA:25,0
DA:31,15
DA:40,1
LF:12
LH:10
BRF:0
BRH:0
end_of_record
TN:
SF:src/components/molecules/IconText/index.tsx
FN:13,(anonymous_4)
FN:26,(anonymous_5)
FNF:2
FNH:2
FNDA:5,(anonymous_4)
FNDA:2,(anonymous_5)
DA:1,1
DA:3,1
DA:13,5
DA:14,5
DA:27,2
DA:35,1
LF:6
LH:6
BRF:0
BRH:0
end_of_record
TN:
SF:src/components/organisms/CandidateList/index.tsx
FN:44,(anonymous_9)
FN:53,(anonymous_10)
FN:57,(anonymous_11)
FN:86,(anonymous_12)
FN:98,(anonymous_13)
FN:173,(anonymous_14)
FNF:6
FNH:3
FNDA:6,(anonymous_9)
FNDA:0,(anonymous_10)
FNDA:0,(anonymous_11)
FNDA:25,(anonymous_12)
FNDA:0,(anonymous_13)
FNDA:10,(anonymous_14)
DA:3,1
DA:5,1
DA:6,1
DA:8,1
DA:9,1
DA:10,1
DA:12,1
DA:13,1
DA:22,1
DA:44,1
DA:45,31
DA:46,5
DA:47,5
DA:48,5
DA:49,5
DA:50,5
DA:51,5
DA:52,5
DA:53,5
DA:54,0
DA:55,0
DA:57,5
DA:61,0
DA:63,5
DA:65,5
DA:86,25
DA:99,0
DA:174,10
DA:175,10
DA:176,10
DA:177,10
DA:190,1
LF:32
LH:28
BRDA:45,0,0,5
BRDA:45,0,1,0
BRDA:45,1,0,5
BRDA:45,1,1,0
BRDA:45,2,0,5
BRDA:45,2,1,0
BRDA:45,3,0,5
BRDA:45,3,1,0
BRDA:63,4,0,0
BRDA:63,4,1,5
BRDA:105,5,0,0
BRDA:105,5,1,0
BRDA:107,6,0,0
BRDA:107,6,1,0
BRDA:120,7,0,0
BRDA:120,7,1,0
BRDA:175,8,0,10
BRDA:176,9,0,10
BRF:18
BRH:7
end_of_record
TN:
SF:src/components/organisms/Search/index.tsx
FN:11,(anonymous_23)
FN:15,(anonymous_24)
FN:19,(anonymous_27)
FN:22,(anonymous_28)
FN:24,(anonymous_29)
FN:34,(anonymous_30)
FNF:6
FNH:5
FNDA:6,(anonymous_23)
FNDA:6,(anonymous_24)
FNDA:3,(anonymous_27)
FNDA:2,(anonymous_28)
FNDA:0,(anonymous_29)
FNDA:2,(anonymous_30)
DA:1,1
DA:2,1
DA:3,1
DA:4,1
DA:5,1
DA:11,6
DA:12,6
DA:13,6
DA:14,5
DA:15,8
DA:16,3
DA:17,0
DA:19,5
DA:20,3
DA:22,5
DA:23,2
DA:25,0
DA:29,5
DA:34,2
DA:42,1
LF:20
LH:18
BRDA:16,0,0,3
BRF:1
BRH:1
end_of_record
TN:
SF:src/theme/index.tsx
FNF:0
FNH:0
DA:2,1
DA:75,1
DA:158,1
LF:3
LH:3
BRF:0
BRH:0
end_of_record
